   1   1   1   0   0   0  Jan
   1   1   1  12   0   0  Jan
   1   1   1   0   0   0  Jan
   1   1   2  16   0   0  Jan
   1   1   1   0   0   0  Jan
   1   1   2  16   0   0  Jan
   1   1   1   0   0   0  Jan
   1   1   2  16   0   0  Jan
   1   1   1   0   0   0  Jan
   1   1   2  16   0   0  Jan
   1   1   1   0   0   0  Jan
   1   1   2  16   0   0  Jan
   1   1   1   0   0   0  Jan
   1   1   2  16   0   0  Jan
   1   1   1   0   0   0  Jan
   1   1   2  16   0   0  Jan
   1   1   1   0   0   0  Jan
   1   1   2  16   0   0  Jan
   1   1   1   0   0   0  Jan
   1   1   2  16   0   0  Jan
   1   1   1   0   0   0  Jan
   1   1   2  16   0   0  Jan
   1   1   1   0   0   0  Jan
   1   1   2  16   0   0  Jan
   1   1   1   0   0   0  Jan
   1   1   2  16   0   0  Jan
   1   1   1   0   0   0  Jan
   1   1   2  16   0   0  Jan
   1   1   1   0   0   0  Jan
   1   1   6   0   0   0  Jan
